umask 0022 && /usr/bin/make -C /nerves/config/nerves_system_bbb/deps/nerves_system_br/buildroot-2016.02 O=/nerves/config/nerves_system_bbb/_build/dev/nerves/system/. 
/usr/bin/make -j1 O=/nerves/config/nerves_system_bbb/_build/dev/nerves/system/. HOSTCC="/usr/bin/gcc" HOSTCXX="/usr/bin/g++" silentoldconfig
  GEN     /nerves/config/nerves_system_bbb/_build/dev/nerves/system/./Makefile
BR2_DEFCONFIG='' KCONFIG_AUTOCONFIG=/nerves/config/nerves_system_bbb/_build/dev/nerves/system/build/buildroot-config/auto.conf KCONFIG_AUTOHEADER=/nerves/config/nerves_system_bbb/_build/dev/nerves/system/build/buildroot-config/autoconf.h KCONFIG_TRISTATE=/nerves/config/nerves_system_bbb/_build/dev/nerves/system/build/buildroot-config/tristate.config BR2_CONFIG=/nerves/config/nerves_system_bbb/_build/dev/nerves/system/./.config BR2_EXTERNAL=/nerves/config/nerves_system_bbb/deps/nerves_system_br NERVES_DEFCONFIG_DIR='/nerves/config/nerves_system_bbb/_build/dev/nerves/system/config' HOST_GCC_VERSION="5" SKIP_LEGACY= /nerves/config/nerves_system_bbb/_build/dev/nerves/system/build/buildroot-config/conf --silentoldconfig Config.in
[7m>>> skeleton undefined Extracting[27m
[7m>>> skeleton undefined Patching[27m
[7m>>> skeleton undefined Configuring[27m
[7m>>> skeleton undefined Building[27m
[7m>>> skeleton undefined Installing to staging directory[27m
/usr/bin/install -d -m 0755 /nerves/config/nerves_system_bbb/_build/dev/nerves/system/host/usr/arm-buildroot-linux-gnueabihf/sysroot/usr/lib
/usr/bin/install -d -m 0755 /nerves/config/nerves_system_bbb/_build/dev/nerves/system/host/usr/arm-buildroot-linux-gnueabihf/sysroot/usr/bin
/usr/bin/install -d -m 0755 /nerves/config/nerves_system_bbb/_build/dev/nerves/system/host/usr/arm-buildroot-linux-gnueabihf/sysroot/usr/sbin
/usr/bin/install -d -m 0755 /nerves/config/nerves_system_bbb/_build/dev/nerves/system/host/usr/arm-buildroot-linux-gnueabihf/sysroot/usr/include
/usr/bin/install -d -m 0755 /nerves/config/nerves_system_bbb/_build/dev/nerves/system/host/usr/arm-buildroot-linux-gnueabihf/sysroot/bin
/usr/bin/install -d -m 0755 /nerves/config/nerves_system_bbb/_build/dev/nerves/system/host/usr/arm-buildroot-linux-gnueabihf/sysroot/sbin
/usr/bin/install -d -m 0755 /nerves/config/nerves_system_bbb/_build/dev/nerves/system/host/usr/arm-buildroot-linux-gnueabihf/sysroot/lib
ln -snf lib /nerves/config/nerves_system_bbb/_build/dev/nerves/system/host/usr/arm-buildroot-linux-gnueabihf/sysroot/lib32
ln -snf lib /nerves/config/nerves_system_bbb/_build/dev/nerves/system/host/usr/arm-buildroot-linux-gnueabihf/sysroot/usr/lib32
[7m>>> skeleton undefined Fixing libtool files[27m
[7m>>> skeleton undefined Installing to target[27m
rsync -a --ignore-times --exclude .svn --exclude .git --exclude .hg --exclude .bzr --exclude CVS --chmod=u=rwX,go=rX --exclude .empty --exclude '*~' system/skeleton/ /nerves/config/nerves_system_bbb/_build/dev/nerves/system/target/
/usr/bin/install -d -m 0755 /nerves/config/nerves_system_bbb/_build/dev/nerves/system/target/bin
/usr/bin/install -d -m 0755 /nerves/config/nerves_system_bbb/_build/dev/nerves/system/target/sbin
/usr/bin/install -d -m 0755 /nerves/config/nerves_system_bbb/_build/dev/nerves/system/target/lib
ln -snf lib /nerves/config/nerves_system_bbb/_build/dev/nerves/system/target/lib32
ln -snf lib /nerves/config/nerves_system_bbb/_build/dev/nerves/system/target/usr/lib32
/usr/bin/install -m 0644 support/misc/target-dir-warning.txt /nerves/config/nerves_system_bbb/_build/dev/nerves/system/target/THIS_IS_NOT_YOUR_ROOT_FILESYSTEM
[7m>>> toolchain-external undefined Extracting[27m
xzcat /nerves/config/nerves_system_bbb/deps/nerves_system_br/buildroot-2016.02/dl/nerves-arm-unknown-linux-gnueabihf-linux-x86_64-v0.6.0.tar.xz | tar --strip-components=1 -C /nerves/config/nerves_system_bbb/_build/dev/nerves/system/build/toolchain-external-undefined --exclude='usr/lib/locale/*'   -xf -
rm -rf /nerves/config/nerves_system_bbb/_build/dev/nerves/system/host/opt/ext-toolchain/*
mkdir -p /nerves/config/nerves_system_bbb/_build/dev/nerves/system/host/opt/ext-toolchain
mv /nerves/config/nerves_system_bbb/_build/dev/nerves/system/build/toolchain-external-undefined/* /nerves/config/nerves_system_bbb/_build/dev/nerves/system/host/opt/ext-toolchain/
[7m>>> toolchain-external undefined Patching[27m
[7m>>> toolchain-external undefined Configuring[27m
[7m>>> toolchain-external undefined Building[27m
/usr/bin/gcc -O2 -I/nerves/config/nerves_system_bbb/_build/dev/nerves/system/host/usr/include -DBR_CROSS_PATH_SUFFIX='""' -DBR_CROSS_PATH_REL='"opt/ext-toolchain/bin"' -DBR_CPU='"cortex-a8"' -DBR_ABI='"aapcs-linux"' -DBR_FPU='"vfpv3"' -DBR_FLOAT_ABI='"hard"' -DBR_MODE='"arm"' -DBR_SYSROOT='"usr/arm-buildroot-linux-gnueabihf/sysroot"' -DBR_ADDITIONAL_CFLAGS='' -s -Wl,--hash-style=both toolchain/toolchain-wrapper.c -o /nerves/config/nerves_system_bbb/_build/dev/nerves/system/host/usr/bin/toolchain-wrapper
[7m>>> toolchain-external undefined Installing to staging directory[27m
[7m>>> toolchain-external undefined Copying external toolchain sysroot to staging...[27m
[7m>>> toolchain-external undefined Fixing libtool files[27m
[7m>>> toolchain-external undefined Installing to target[27m
[7m>>> toolchain-external undefined Copying external toolchain libraries to target...[27m
[7m>>> toolchain virtual Extracting[27m
[7m>>> toolchain virtual Patching[27m
[7m>>> toolchain virtual Configuring[27m
[7m>>> toolchain virtual Building[27m
[7m>>> toolchain virtual Installing to target[27m
sed \
	-e 's#@@STAGING_SUBDIR@@#usr/arm-buildroot-linux-gnueabihf/sysroot#' \
	-e 's#@@TARGET_CFLAGS@@#-D_LARGEFILE_SOURCE -D_LARGEFILE64_SOURCE -D_FILE_OFFSET_BITS=64 -Os#' \
	-e 's#@@TARGET_CXXFLAGS@@#-D_LARGEFILE_SOURCE -D_LARGEFILE64_SOURCE -D_FILE_OFFSET_BITS=64 -Os#' \
	-e 's#@@TARGET_LDFLAGS@@##' \
	-e 's#@@TARGET_CC@@#usr/bin/arm-unknown-linux-gnueabihf-gcc#' \
	-e 's#@@TARGET_CXX@@#usr/bin/arm-unknown-linux-gnueabihf-g++#' \
	-e 's#@@CMAKE_SYSTEM_PROCESSOR@@#armv7l#' \
	/nerves/config/nerves_system_bbb/deps/nerves_system_br/buildroot-2016.02/support/misc/toolchainfile.cmake.in \
	> /nerves/config/nerves_system_bbb/_build/dev/nerves/system/host/usr/share/buildroot/toolchainfile.cmake
busybox-1.24.1.tar.bz2: OK (md5: be98a40cadf84ce2d6b05fa41a275c6a)
busybox-1.24.1.tar.bz2: OK (sha1: 157d14d24748b4505b1a418535688706a2b81680)
[7m>>> busybox 1.24.1 Extracting[27m
bzcat /nerves/config/nerves_system_bbb/deps/nerves_system_br/buildroot-2016.02/dl/busybox-1.24.1.tar.bz2 | tar --strip-components=1 -C /nerves/config/nerves_system_bbb/_build/dev/nerves/system/build/busybox-1.24.1   -xf -
[7m>>> busybox 1.24.1 Patching[27m

Applying 0001-networking-libiproute-use-linux-if_packet.h-instead-.patch using patch: 
patching file networking/libiproute/iplink.c

Applying 0002-unzip.patch using patch: 
patching file archival/libarchive/decompress_gunzip.c
patching file testsuite/unzip.tests

Applying 0003-g-unzip-fix-recent-breakage.patch using patch: 
patching file archival/libarchive/decompress_gunzip.c
patching file testsuite/unzip.tests

Applying 0004-truncate-open-mode.patch using patch: 
patching file coreutils/truncate.c

Applying 0008-Makefile.flags-strip-non-l-arguments-returned-by-pkg.patch using patch: 
patching file Makefile.flags
Hunk #1 succeeded at 148 (offset 7 lines).
cp /nerves/config/nerves_system_bbb/_build/dev/nerves/system/config/bbb-busybox.config /nerves/config/nerves_system_bbb/_build/dev/nerves/system/build/busybox-1.24.1/.config
support/kconfig/merge_config.sh -m -O /nerves/config/nerves_system_bbb/_build/dev/nerves/system/build/busybox-1.24.1 /nerves/config/nerves_system_bbb/_build/dev/nerves/system/build/busybox-1.24.1/.config 
Using /nerves/config/nerves_system_bbb/_build/dev/nerves/system/build/busybox-1.24.1/.config as base
#
# merged configuration written to /nerves/config/nerves_system_bbb/_build/dev/nerves/system/build/busybox-1.24.1/.config (needs make)
#
  HOSTCC  scripts/basic/fixdep
  HOSTCC  scripts/basic/split-include
  HOSTCC  scripts/basic/docproc
scripts/basic/split-include.c: In function ‘main’:
scripts/basic/split-include.c:134:6: warning: ignoring return value of ‘fgets’, declared with attribute warn_unused_result [-Wunused-result]
      fgets(old_line, buffer_size, fp_target);
      ^
  GEN     include/applets.h
  GEN     include/usage.h
  GEN     applets/Kbuild
  GEN     archival/Kbuild
  GEN     archival/Config.in
  GEN     archival/libarchive/Kbuild
  GEN     console-tools/Kbuild
  GEN     console-tools/Config.in
  GEN     coreutils/Kbuild
  GEN     coreutils/Config.in
  GEN     coreutils/libcoreutils/Kbuild
  GEN     debianutils/Kbuild
  GEN     debianutils/Config.in
  GEN     e2fsprogs/Kbuild
  GEN     e2fsprogs/Config.in
  GEN     editors/Kbuild
  GEN     editors/Config.in
  GEN     findutils/Kbuild
  GEN     findutils/Config.in
  GEN     init/Kbuild
  GEN     init/Config.in
  GEN     libbb/Kbuild
  GEN     libbb/Config.in
  GEN     libpwdgrp/Kbuild
  GEN     loginutils/Kbuild
  GEN     loginutils/Config.in
  GEN     mailutils/Kbuild
  GEN     mailutils/Config.in
  GEN     miscutils/Kbuild
  GEN     miscutils/Config.in
  GEN     modutils/Kbuild
  GEN     modutils/Config.in
  GEN     networking/Kbuild
  GEN     networking/Config.in
  GEN     networking/libiproute/Kbuild
  GEN     networking/udhcp/Kbuild
  GEN     networking/udhcp/Config.in
  GEN     printutils/Kbuild
  GEN     printutils/Config.in
  GEN     procps/Kbuild
  GEN     procps/Config.in
  GEN     runit/Kbuild
  GEN     runit/Config.in
  GEN     scripts/Kbuild
  GEN     selinux/Kbuild
  GEN     selinux/Config.in
  GEN     shell/Kbuild
  GEN     shell/Config.in
  GEN     sysklogd/Kbuild
  GEN     sysklogd/Config.in
  GEN     util-linux/Kbuild
  GEN     util-linux/Config.in
  GEN     util-linux/volume_id/Kbuild
  GEN     util-linux/volume_id/Config.in
  HOSTCC  scripts/kconfig/conf.o
scripts/kconfig/conf.c: In function ‘conf_askvalue’:
scripts/kconfig/conf.c:106:3: warning: ignoring return value of ‘fgets’, declared with attribute warn_unused_result [-Wunused-result]
   fgets(line, 128, stdin);
   ^
scripts/kconfig/conf.c: In function ‘conf_choice’:
scripts/kconfig/conf.c:354:4: warning: ignoring return value of ‘fgets’, declared with attribute warn_unused_result [-Wunused-result]
    fgets(line, 128, stdin);
    ^
  HOSTCC  scripts/kconfig/kxgettext.o
  HOSTCC  scripts/kconfig/mconf.o
  SHIPPED scripts/kconfig/zconf.tab.c
  SHIPPED scripts/kconfig/lex.zconf.c
  SHIPPED scripts/kconfig/zconf.hash.c
scripts/kconfig/mconf.c: In function ‘show_textbox’:
scripts/kconfig/mconf.c:847:2: warning: ignoring return value of ‘write’, declared with attribute warn_unused_result [-Wunused-result]
  write(fd, text, strlen(text));
  ^
scripts/kconfig/mconf.c: In function ‘exec_conf’:
scripts/kconfig/mconf.c:481:2: warning: ignoring return value of ‘pipe’, declared with attribute warn_unused_result [-Wunused-result]
  pipe(pipefd);
  ^
  HOSTCC  scripts/kconfig/zconf.tab.o
In file included from scripts/kconfig/zconf.tab.c:152:0:
scripts/kconfig/zconf.hash.c:155:43: warning: ‘kconf_id_strings_contents’ is static but used in inline function ‘kconf_id_lookup’ which is not static
 #define kconf_id_strings ((const char *) &kconf_id_strings_contents)
                                           ^
scripts/kconfig/zconf.hash.c:222:44: note: in expansion of macro ‘kconf_id_strings’
               register const char *s = o + kconf_id_strings;
                                            ^
scripts/kconfig/zconf.hash.c:215:26: warning: ‘kconf_id_hash’ is static but used in inline function ‘kconf_id_lookup’ which is not static
       register int key = kconf_id_hash (str, len);
                          ^
scripts/kconfig/zconf.hash.c:171:26: warning: ‘wordlist’ is static but declared in inline function ‘kconf_id_lookup’ which is not static
   static struct kconf_id wordlist[] =
                          ^
  HOSTLD  scripts/kconfig/conf
scripts/kconfig/conf -o Config.in
#
# using defaults found in .config
#
*
* Busybox Configuration
*
*
* Busybox Settings
*
*
* General Configuration
*
Enable options for full-blown desktop systems (DESKTOP) [N/y/?] n
Provide compatible behavior for rare corner cases (bigger code) (EXTRA_COMPAT) [N/y/?] n
Enable obsolete features removed before SUSv3 (INCLUDE_SUSv2) [Y/n/?] y
Avoid using GCC-specific code constructs (USE_PORTABLE_CODE) [N/y/?] n
Enable Linux-specific applets and features (PLATFORM_LINUX) [Y/?] y
Buffer allocation policy
> 1. Allocate with Malloc (FEATURE_BUFFERS_USE_MALLOC)
  2. Allocate on the Stack (FEATURE_BUFFERS_GO_ON_STACK)
  3. Allocate in the .bss section (FEATURE_BUFFERS_GO_IN_BSS)
choice[1-3?]: 1
Show applet usage messages (SHOW_USAGE) [Y/n/?] y
  Show verbose applet usage messages (FEATURE_VERBOSE_USAGE) [Y/n/?] y
  Store applet usage messages in compressed form (FEATURE_COMPRESS_USAGE) [N/y/?] n
Support --install [-s] to install applet links at runtime (FEATURE_INSTALLER) [Y/n/?] y
Don't use /usr (INSTALL_NO_USR) [N/y/?] n
Enable locale support (system needs locale for this to work) (LOCALE_SUPPORT) [N/y/?] n
Support Unicode (UNICODE_SUPPORT) [N/y/?] n
Support for PAM (Pluggable Authentication Modules) (PAM) [N/y/?] n
Use sendfile system call (FEATURE_USE_SENDFILE) [Y/n/?] y
Support for --long-options (LONG_OPTS) [Y/n/?] y
Use the devpts filesystem for Unix98 PTYs (FEATURE_DEVPTS) [Y/n/?] y
Clean up all memory before exiting (usually not needed) (FEATURE_CLEAN_UP) [N/y/?] n
Support utmp file (FEATURE_UTMP) [N/y/?] n
Support writing pidfiles (FEATURE_PIDFILE) [N/y/?] n
Support for SUID/SGID handling (FEATURE_SUID) [Y/n/?] y
  Runtime SUID/SGID configuration via /etc/busybox.conf (FEATURE_SUID_CONFIG) [N/y/?] n
Support NSA Security Enhanced Linux (SELINUX) [N/y/?] n
exec prefers applets (FEATURE_PREFER_APPLETS) [N/y/?] n
Path to BusyBox executable (BUSYBOX_EXEC_PATH) [/proc/self/exe] /proc/self/exe
*
* Build Options
*
Build BusyBox as a static binary (no shared libs) (STATIC) [N/y/?] n
  Build BusyBox as a position independent executable (PIE) [N/y/?] n
Force NOMMU build (NOMMU) [N/y/?] n
Build shared libbusybox (BUILD_LIBBUSYBOX) [N/y/?] n
Build with Large File Support (for accessing files > 2 GB) (LFS) [Y/n/?] y
Cross Compiler prefix (CROSS_COMPILER_PREFIX) [] 
Path to sysroot (SYSROOT) [] 
Additional CFLAGS (EXTRA_CFLAGS) [] 
Additional LDFLAGS (EXTRA_LDFLAGS) [] 
Additional LDLIBS (EXTRA_LDLIBS) [] 
*
* Debugging Options
*
Build BusyBox with extra Debugging symbols (DEBUG) [N/y/?] n
Build unit tests (UNIT_TEST) [N/y/?] n
Abort compilation on any warning (WERROR) [N/y/?] n
Additional debugging library
> 1. None (NO_DEBUG_LIB)
  2. Dmalloc (DMALLOC)
  3. Electric-fence (EFENCE)
choice[1-3?]: 1
*
* Installation Options ("make install" behavior)
*
What kind of applet links to install
> 1. as soft-links (INSTALL_APPLET_SYMLINKS)
  2. as hard-links (INSTALL_APPLET_HARDLINKS)
  3. as script wrappers (INSTALL_APPLET_SCRIPT_WRAPPERS)
  4. not installed (INSTALL_APPLET_DONT)
choice[1-4?]: 1
BusyBox installation prefix (PREFIX) [./_install] ./_install
*
* Busybox Library Tuning
*
Enable systemd support (FEATURE_SYSTEMD) [N/y/?] n
Support RTMIN[+n] and RTMAX[-n] signal names (FEATURE_RTMINMAX) [Y/n/?] y
Minimum password length (PASSWORD_MINLEN) [6] 6
MD5: Trade bytes for speed (0:fast, 3:slow) (MD5_SMALL) [1] 1
SHA3: Trade bytes for speed (0:fast, 1:slow) (SHA3_SMALL) [1] 1
Faster /proc scanning code (+100 bytes) (FEATURE_FAST_TOP) [N/y/?] n
Support for /etc/networks (FEATURE_ETC_NETWORKS) [N/y/?] n
Command line editing (FEATURE_EDITING) [N/y/?] n
Non-POSIX, but safer, copying to special nodes (FEATURE_NON_POSIX_CP) [Y/n/?] y
Give more precise messages when copy fails (cp, mv etc) (FEATURE_VERBOSE_CP_MESSAGE) [N/y/?] n
Copy buffer size, in kilobytes (FEATURE_COPYBUF_KB) [4] 4
Skip rootfs in mount table (FEATURE_SKIP_ROOTFS) [Y/n/?] y
Use clock_gettime(CLOCK_MONOTONIC) syscall (MONOTONIC_SYSCALL) [Y/n/?] y
Use ioctl names rather than hex values in error messages (IOCTL_HEX2STR_ERROR) [Y/n/?] y
Support infiniband HW (FEATURE_HWIB) [N/y/?] n
*
* Applets
*
*
* Archival Utilities
*
Make tar, rpm, modprobe etc understand .xz data (FEATURE_SEAMLESS_XZ) [N/y/?] n
Make tar, rpm, modprobe etc understand .lzma data (FEATURE_SEAMLESS_LZMA) [N/y/?] n
Make tar, rpm, modprobe etc understand .bz2 data (FEATURE_SEAMLESS_BZ2) [N/y/?] n
Make tar, rpm, modprobe etc understand .gz data (FEATURE_SEAMLESS_GZ) [N/y/?] n
tar, rpm, modprobe etc understand .Z data (FEATURE_SEAMLESS_Z) [N/y/?] n
ar (AR) [N/y/?] n
uncompress (UNCOMPRESS) [N/y/?] n
gunzip (GUNZIP) [N/y/?] n
bunzip2 (BUNZIP2) [N/y/?] n
unlzma (UNLZMA) [N/y/?] n
unxz (UNXZ) [N/y/?] n
bzip2 (BZIP2) [N/y/?] n
cpio (CPIO) [N/y/?] n
dpkg (DPKG) [N/y/?] n
dpkg_deb (DPKG_DEB) [N/y/?] n
gzip (GZIP) [N/y/?] n
lzop (LZOP) [N/y/?] n
rpm (RPM) [N/y/?] n
rpm2cpio (RPM2CPIO) [N/y/?] n
tar (TAR) [N/y/?] n
unzip (UNZIP) [Y/n/?] y
*
* Coreutils
*
basename (BASENAME) [Y/n/?] y
cat (CAT) [Y/n/?] y
date (DATE) [Y/n/?] y
  Enable ISO date format output (-I) (FEATURE_DATE_ISOFMT) [Y/n/?] y
  Support %[num]N nanosecond format specifier (FEATURE_DATE_NANO) [N/y/?] n
  Support weird 'date MMDDhhmm[[YY]YY][.ss]' format (FEATURE_DATE_COMPAT) [Y/n/?] y
dd (DD) [N/y/?] n
hostid (HOSTID) [N/y/?] n
id (ID) [N/y/?] n
groups (GROUPS) [N/y/?] n
shuf (SHUF) [N/y/?] n
sync (SYNC) [N/y/?] n
test (TEST) [N/y/?] n
  Extend test to 64 bit (FEATURE_TEST_64) [Y/n/?] y
touch (TOUCH) [N/y/?] n
tr (TR) [N/y/?] n
truncate (TRUNCATE) [N/y/?] n
unlink (UNLINK) [N/y/?] n
base64 (BASE64) [N/y/?] n
cal (CAL) [N/y/?] n
catv (CATV) [N/y/?] n
chgrp (CHGRP) [N/y/?] n
chmod (CHMOD) [N/y/?] n
chown (CHOWN) [N/y/?] n
chroot (CHROOT) [N/y/?] n
cksum (CKSUM) [N/y/?] n
comm (COMM) [N/y/?] n
cp (CP) [Y/n/?] y
  Enable long options for cp (FEATURE_CP_LONG_OPTIONS) [N/y/?] n
cut (CUT) [Y/n/?] y
df (DF) [N/y/?] n
dirname (DIRNAME) [N/y/?] n
dos2unix/unix2dos (DOS2UNIX) [N/y/?] n
du (default blocksize of 512 bytes) (DU) [N/y/?] n
echo (basic SuSv3 version taking no options) (ECHO) [N/y/?] n
  Enable echo options (-n and -e) (FEATURE_FANCY_ECHO) [N/y/?] n
env (ENV) [N/y/?] n
expand (EXPAND) [N/y/?] n
expr (EXPR) [Y/n/?] y
  Extend Posix numbers support to 64 bit (EXPR_MATH_SUPPORT_64) [Y/n/?] y
false (FALSE) [N/y/?] n
fold (FOLD) [N/y/?] n
fsync (FSYNC) [N/y/?] n
head (HEAD) [N/y/?] n
install (INSTALL) [N/y/?] n
ln (LN) [N/y/?] n
logname (LOGNAME) [N/y/?] n
ls (LS) [Y/n/?] y
  Enable filetyping options (-p and -F) (FEATURE_LS_FILETYPES) [N/y/?] n
  Enable symlinks dereferencing (-L) (FEATURE_LS_FOLLOWLINKS) [N/y/?] n
  Enable recursion (-R) (FEATURE_LS_RECURSIVE) [Y/n/?] y
  Sort the file names (FEATURE_LS_SORTFILES) [N/y/?] n
  Show file timestamps (FEATURE_LS_TIMESTAMPS) [Y/n/?] y
  Show username/groupnames (FEATURE_LS_USERNAME) [Y/n/?] y
  Allow use of color to identify file types (FEATURE_LS_COLOR) [N/y/?] n
md5sum (MD5SUM) [N/y/?] n
mkdir (MKDIR) [N/y/?] n
mkfifo (MKFIFO) [N/y/?] n
mknod (MKNOD) [N/y/?] n
mv (MV) [N/y/?] n
nice (NICE) [N/y/?] n
nohup (NOHUP) [N/y/?] n
od (OD) [N/y/?] n
printenv (PRINTENV) [N/y/?] n
printf (PRINTF) [N/y/?] n
pwd (PWD) [N/y/?] n
readlink (READLINK) [N/y/?] n
realpath (REALPATH) [N/y/?] n
rm (RM) [Y/n/?] y
rmdir (RMDIR) [N/y/?] n
seq (SEQ) [N/y/?] n
sha1sum (SHA1SUM) [N/y/?] n
sha256sum (SHA256SUM) [Y/n/?] y
sha512sum (SHA512SUM) [N/y/?] n
sha3sum (SHA3SUM) [N/y/?] n
sleep (SLEEP) [Y/n/?] y
  Enable multiple arguments and s/m/h/d suffixes (FEATURE_FANCY_SLEEP) [N/y/?] n
sort (SORT) [N/y/?] n
split (SPLIT) [N/y/?] n
stat (STAT) [N/y/?] n
stty (STTY) [N/y/?] n
sum (SUM) [N/y/?] n
tac (TAC) [N/y/?] n
tail (TAIL) [N/y/?] n
tee (TEE) [N/y/?] n
true (TRUE) [N/y/?] n
tty (TTY) [N/y/?] n
uname (UNAME) [N/y/?] n
unexpand (UNEXPAND) [N/y/?] n
uniq (UNIQ) [N/y/?] n
usleep (USLEEP) [N/y/?] n
uudecode (UUDECODE) [N/y/?] n
uuencode (UUENCODE) [N/y/?] n
wc (WC) [N/y/?] n
whoami (WHOAMI) [N/y/?] n
yes (YES) [N/y/?] n
*
* Common options
*
Support verbose options (usually -v) for various applets (FEATURE_VERBOSE) [Y/n/?] y
*
* Common options for cp and mv
*
Preserve hard links (FEATURE_PRESERVE_HARDLINKS) [Y/n/?] y
*
* Common options for ls, more and telnet
*
Calculate terminal & column widths (FEATURE_AUTOWIDTH) [Y/n/?] y
*
* Common options for df, du, ls
*
Support for human readable output (example 13k, 23M, 235G) (FEATURE_HUMAN_READABLE) [Y/n/?] y
*
* Common options for md5sum, sha1sum, sha256sum, sha512sum, sha3sum
*
Enable -c, -s and -w options (FEATURE_MD5_SHA1_SUM_CHECK) [Y/n/?] y
*
* Console Utilities
*
chvt (CHVT) [N/y/?] n
fgconsole (FGCONSOLE) [N/y/?] n
clear (CLEAR) [N/y/?] n
deallocvt (DEALLOCVT) [N/y/?] n
dumpkmap (DUMPKMAP) [N/y/?] n
kbd_mode (KBD_MODE) [N/y/?] n
loadfont (LOADFONT) [N/y/?] n
loadkmap (LOADKMAP) [N/y/?] n
openvt (OPENVT) [N/y/?] n
reset (RESET) [N/y/?] n
resize (RESIZE) [N/y/?] n
setconsole (SETCONSOLE) [N/y/?] n
setfont (SETFONT) [N/y/?] n
setkeycodes (SETKEYCODES) [N/y/?] n
setlogcons (SETLOGCONS) [N/y/?] n
showkey (SHOWKEY) [N/y/?] n
*
* Debian Utilities
*
mktemp (MKTEMP) [N/y/?] n
pipe_progress (PIPE_PROGRESS) [N/y/?] n
run-parts (RUN_PARTS) [N/y/?] n
start-stop-daemon (START_STOP_DAEMON) [N/y/?] n
which (WHICH) [N/y/?] n
*
* Editors
*
awk (AWK) [N/y/?] n
cmp (CMP) [N/y/?] n
diff (DIFF) [N/y/?] n
ed (ED) [N/y/?] n
patch (PATCH) [N/y/?] n
sed (SED) [N/y/?] n
vi (VI) [N/y/?] n
*
* Finding Utilities
*
find (FIND) [N/y/?] n
grep (GREP) [Y/n/?] y
  Enable extended regular expressions (egrep & grep -E) (FEATURE_GREP_EGREP_ALIAS) [Y/n/?] y
  Alias fgrep to grep -F (FEATURE_GREP_FGREP_ALIAS) [Y/n/?] y
  Enable before and after context flags (-A, -B and -C) (FEATURE_GREP_CONTEXT) [Y/n/?] y
xargs (XARGS) [N/y/?] n
*
* Init Utilities
*
bootchartd (BOOTCHARTD) [N/y/?] n
poweroff, halt, and reboot (HALT) [Y/n/?] y
  Call telinit on shutdown and reboot (FEATURE_CALL_TELINIT) [N/y/?] n
init (INIT) [N/y/?] n
mesg (MESG) [N/y/?] n
*
* Login/Password Management Utilities
*
add-shell (ADD_SHELL) [N/y/?] n
remove-shell (REMOVE_SHELL) [N/y/?] n
Support for shadow passwords (FEATURE_SHADOWPASSWDS) [N/y/?] n
Use internal password and group functions rather than system functions (USE_BB_PWD_GRP) [N/y/?] n
Use internal crypt functions (USE_BB_CRYPT) [N/y/?] n
adduser (ADDUSER) [N/y/?] n
addgroup (ADDGROUP) [N/y/?] n
deluser (DELUSER) [N/y/?] n
delgroup (DELGROUP) [N/y/?] n
getty (GETTY) [N/y/?] n
login (LOGIN) [N/y/?] n
passwd (PASSWD) [N/y/?] n
cryptpw (CRYPTPW) [N/y/?] n
chpasswd (CHPASSWD) [N/y/?] n
su (SU) [N/y/?] n
sulogin (SULOGIN) [N/y/?] n
vlock (VLOCK) [N/y/?] n
*
* Linux Ext2 FS Progs
*
chattr (CHATTR) [N/y/?] n
fsck (FSCK) [N/y/?] n
lsattr (LSATTR) [N/y/?] n
tune2fs (TUNE2FS) [N/y/?] n
*
* Linux Module Utilities
*
modinfo (MODINFO) [N/y/?] n
Simplified modutils (MODPROBE_SMALL) [N/y/?] n
  insmod (INSMOD) [N/y/?] n
  rmmod (RMMOD) [Y/n/?] y
  lsmod (LSMOD) [Y/n/?] y
    Pretty output (FEATURE_LSMOD_PRETTY_2_6_OUTPUT) [N/y/?] n
  modprobe (MODPROBE) [Y/n/?] y
    Blacklist support (FEATURE_MODPROBE_BLACKLIST) [N/y/?] n
  depmod (DEPMOD) [N/y/?] n
*
* Options common to multiple modutils
*
Support version 2.2/2.4 Linux kernels (FEATURE_2_4_MODULES) [N/y/?] n
Support tainted module checking with new kernels (FEATURE_CHECK_TAINTED_MODULE) [Y/n/?] y
Support for module.aliases file (FEATURE_MODUTILS_ALIAS) [Y/n/?] y
Support for module.symbols file (FEATURE_MODUTILS_SYMBOLS) [Y/n/?] y
Default directory containing modules (DEFAULT_MODULES_DIR) [/lib/modules] /lib/modules
Default name of modules.dep (DEFAULT_DEPMOD_FILE) [modules.dep] modules.dep
*
* Linux System Utilities
*
blockdev (BLOCKDEV) [N/y/?] n
fatattr (FATATTR) [Y/n/?] y
fstrim (FSTRIM) [N/y/?] n
mdev (MDEV) [N/y/?] n
mount (MOUNT) [Y/n/?] y
  Support option -f (FEATURE_MOUNT_FAKE) [N/y/?] n
  Support option -v (FEATURE_MOUNT_VERBOSE) [N/y/?] n
  Support mount helpers (FEATURE_MOUNT_HELPERS) [N/y/?] n
  Support specifying devices by label or UUID (FEATURE_MOUNT_LABEL) [N/y/?] n
  Support mounting NFS file systems on Linux < 2.6.23 (FEATURE_MOUNT_NFS) [N/y/?] n
  Support mounting CIFS/SMB file systems (FEATURE_MOUNT_CIFS) [N/y/?] n
  Support lots of -o flags in mount (FEATURE_MOUNT_FLAGS) [Y/n/?] y
  Support /etc/fstab and -a (FEATURE_MOUNT_FSTAB) [Y/n/?] y
    Support -T <alt_fstab> (FEATURE_MOUNT_OTHERTAB) [N/y/?] n
rev (REV) [N/y/?] n
uevent (UEVENT) [Y/n/?] y
acpid (ACPID) [N/y/?] n
blkid (BLKID) [N/y/?] n
dmesg (DMESG) [Y/n/?] y
  Pretty dmesg output (FEATURE_DMESG_PRETTY) [Y/n/?] y
fbset (FBSET) [N/y/?] n
fdflush (FDFLUSH) [N/y/?] n
fdformat (FDFORMAT) [N/y/?] n
fdisk (FDISK) [N/y/?] n
findfs (FINDFS) [N/y/?] n
flock (FLOCK) [N/y/?] n
freeramdisk (FREERAMDISK) [N/y/?] n
fsck_minix (FSCK_MINIX) [N/y/?] n
mkfs_ext2 (MKFS_EXT2) [N/y/?] n
mkfs_minix (MKFS_MINIX) [N/y/?] n
mkfs_reiser (MKFS_REISER) [N/y/?] n
mkfs_vfat (MKFS_VFAT) [N/y/?] n
getopt (GETOPT) [N/y/?] n
hexdump (HEXDUMP) [N/y/?] n
hwclock (HWCLOCK) [N/y/?] n
ipcrm (IPCRM) [N/y/?] n
ipcs (IPCS) [N/y/?] n
losetup (LOSETUP) [N/y/?] n
lspci (LSPCI) [N/y/?] n
lsusb (LSUSB) [N/y/?] n
mkswap (MKSWAP) [N/y/?] n
more (MORE) [N/y/?] n
pivot_root (PIVOT_ROOT) [N/y/?] n
rdate (RDATE) [N/y/?] n
rdev (RDEV) [N/y/?] n
readprofile (READPROFILE) [N/y/?] n
rtcwake (RTCWAKE) [N/y/?] n
script (SCRIPT) [N/y/?] n
scriptreplay (SCRIPTREPLAY) [N/y/?] n
setarch (SETARCH) [N/y/?] n
swaponoff (SWAPONOFF) [N/y/?] n
switch_root (SWITCH_ROOT) [N/y/?] n
umount (UMOUNT) [Y/n/?] y
  Support option -a (FEATURE_UMOUNT_ALL) [Y/n/?] y
  *
  * Common options for mount/umount
  *
  Support loopback mounts (FEATURE_MOUNT_LOOP) [Y/n/?] y
    Create new loopback devices if needed (FEATURE_MOUNT_LOOP_CREATE) [Y/n/?] y
  Support for the old /etc/mtab file (FEATURE_MTAB_SUPPORT) [N/y/?] n
*
* Miscellaneous Utilities
*
conspy (CONSPY) [N/y/?] n
crond (CROND) [N/y/?] n
i2cget (I2CGET) [Y/n/?] y
i2cset (I2CSET) [Y/n/?] y
i2cdump (I2CDUMP) [Y/n/?] y
i2cdetect (I2CDETECT) [Y/n/?] y
less (LESS) [N/y/?] n
nandwrite (NANDWRITE) [N/y/?] n
nanddump (NANDDUMP) [N/y/?] n
rfkill (RFKILL) [N/y/?] n
setserial (SETSERIAL) [N/y/?] n
taskset (TASKSET) [N/y/?] n
ubiattach (UBIATTACH) [N/y/?] n
ubidetach (UBIDETACH) [N/y/?] n
ubimkvol (UBIMKVOL) [N/y/?] n
ubirmvol (UBIRMVOL) [N/y/?] n
ubirsvol (UBIRSVOL) [N/y/?] n
ubiupdatevol (UBIUPDATEVOL) [N/y/?] n
adjtimex (ADJTIMEX) [N/y/?] n
bbconfig (BBCONFIG) [N/y/?] n
beep (BEEP) [N/y/?] n
chat (CHAT) [N/y/?] n
chrt (CHRT) [N/y/?] n
crontab (CRONTAB) [N/y/?] n
dc (DC) [N/y/?] n
devfsd (obsolete) (DEVFSD) [N/y/?] n
Use devfs names for all devices (obsolete) (FEATURE_DEVFS) [N/y/?] n
devmem (DEVMEM) [N/y/?] n
eject (EJECT) [N/y/?] n
fbsplash (FBSPLASH) [N/y/?] n
flashcp (FLASHCP) [N/y/?] n
flash_lock (FLASH_LOCK) [N/y/?] n
flash_unlock (FLASH_UNLOCK) [N/y/?] n
flash_eraseall (FLASH_ERASEALL) [N/y/?] n
ionice (IONICE) [N/y/?] n
inotifyd (INOTIFYD) [N/y/?] n
hdparm (HDPARM) [N/y/?] n
makedevs (MAKEDEVS) [N/y/?] n
man (MAN) [N/y/?] n
microcom (MICROCOM) [N/y/?] n
mountpoint (MOUNTPOINT) [N/y/?] n
mt (MT) [N/y/?] n
raidautorun (RAIDAUTORUN) [N/y/?] n
readahead (READAHEAD) [N/y/?] n
rx (RX) [N/y/?] n
setsid (SETSID) [N/y/?] n
strings (STRINGS) [N/y/?] n
time (TIME) [N/y/?] n
timeout (TIMEOUT) [N/y/?] n
ttysize (TTYSIZE) [N/y/?] n
volname (VOLNAME) [N/y/?] n
watchdog (WATCHDOG) [N/y/?] n
*
* Networking Utilities
*
nameif (NAMEIF) [N/y/?] n
nbd-client (NBDCLIENT) [N/y/?] n
nc (NC) [N/y/?] n
ping (PING) [N/y/?] n
wget (WGET) [N/y/?] n
whois (WHOIS) [N/y/?] n
Enable IPv6 support (FEATURE_IPV6) [Y/n/?] y
Enable Unix domain socket support (usually not needed) (FEATURE_UNIX_LOCAL) [N/y/?] n
Prefer IPv4 addresses from DNS queries (FEATURE_PREFER_IPV4_ADDRESS) [N/y/?] n
Verbose resolution errors (VERBOSE_RESOLUTION_ERRORS) [N/y/?] n
arp (ARP) [N/y/?] n
arping (ARPING) [N/y/?] n
brctl (BRCTL) [N/y/?] n
dnsd (DNSD) [N/y/?] n
ether-wake (ETHER_WAKE) [N/y/?] n
fakeidentd (FAKEIDENTD) [N/y/?] n
ftpd (FTPD) [N/y/?] n
ftpget (FTPGET) [N/y/?] n
ftpput (FTPPUT) [N/y/?] n
hostname (HOSTNAME) [N/y/?] n
httpd (HTTPD) [N/y/?] n
ifconfig (IFCONFIG) [N/y/?] n
ifenslave (IFENSLAVE) [N/y/?] n
ifplugd (IFPLUGD) [N/y/?] n
ifupdown (IFUPDOWN) [N/y/?] n
inetd (INETD) [N/y/?] n
ip (IP) [Y/n/?] y
  ip address (FEATURE_IP_ADDRESS) [Y/n/?] y
  ip link (FEATURE_IP_LINK) [Y/n/?] y
  ip route (FEATURE_IP_ROUTE) [Y/n/?] y
    ip route configuration directory (FEATURE_IP_ROUTE_DIR) [/etc/iproute2] /etc/iproute2
  ip tunnel (FEATURE_IP_TUNNEL) [Y/n/?] y
  ip rule (FEATURE_IP_RULE) [Y/n/?] y
  Support short forms of ip commands (FEATURE_IP_SHORT_FORMS) [Y/n/?] y
  Support displaying rarely used link types (FEATURE_IP_RARE_PROTOCOLS) [N/y/?] n
ipcalc (IPCALC) [N/y/?] n
netstat (NETSTAT) [N/y/?] n
nslookup (NSLOOKUP) [N/y/?] n
ntpd (NTPD) [Y/n/?] y
  Make ntpd usable as a NTP server (FEATURE_NTPD_SERVER) [N/y/?] n
  Make ntpd understand /etc/ntp.conf (FEATURE_NTPD_CONF) [Y/n/?] y
pscan (PSCAN) [N/y/?] n
route (ROUTE) [N/y/?] n
slattach (SLATTACH) [N/y/?] n
tcpsvd (TCPSVD) [N/y/?] n
telnet (TELNET) [N/y/?] n
telnetd (TELNETD) [N/y/?] n
tftp (TFTP) [N/y/?] n
tftpd (TFTPD) [N/y/?] n
traceroute (TRACEROUTE) [N/y/?] n
tunctl (TUNCTL) [N/y/?] n
udhcp client for DHCPv6 (udhcpc6) (UDHCPC6) [N/y/?] n
udhcp server (udhcpd) (UDHCPD) [N/y/?] n
udhcp client (udhcpc) (UDHCPC) [Y/n/?] y
  Verify that the offered address is free, using ARP ping (FEATURE_UDHCPC_ARPING) [Y/n/?] y
  Do not pass malformed host and domain names (FEATURE_UDHCPC_SANITIZEOPT) [Y/n/?] y
  Enable '-P port' option for udhcpd and udhcpc (FEATURE_UDHCP_PORT) [N/y/?] n
  Maximum verbosity level for udhcp applets (0..9) (UDHCP_DEBUG) [9] 9
  Support for RFC3397 domain search (experimental) (FEATURE_UDHCP_RFC3397) [Y/n/?] y
  Support for 802.1Q VLAN parameters (FEATURE_UDHCP_8021Q) [Y/n/?] y
  Absolute path to config script (UDHCPC_DEFAULT_SCRIPT) [/usr/share/udhcpc/default.script] /usr/share/udhcpc/default.script
  DHCP options slack buffer size (UDHCPC_SLACK_FOR_BUGGY_SERVERS) [80] 80
udpsvd (UDPSVD) [N/y/?] n
vconfig (VCONFIG) [N/y/?] n
zcip (ZCIP) [N/y/?] n
*
* Print Utilities
*
lpd (LPD) [N/y/?] n
lpr (LPR) [N/y/?] n
lpq (LPQ) [N/y/?] n
*
* Mail Utilities
*
makemime (MAKEMIME) [N/y/?] n
popmaildir (POPMAILDIR) [N/y/?] n
reformime (REFORMIME) [N/y/?] n
sendmail (SENDMAIL) [N/y/?] n
*
* Process Utilities
*
iostat (IOSTAT) [N/y/?] n
lsof (LSOF) [N/y/?] n
mpstat (MPSTAT) [N/y/?] n
nmeter (NMETER) [N/y/?] n
pmap (PMAP) [N/y/?] n
powertop (POWERTOP) [N/y/?] n
pstree (PSTREE) [N/y/?] n
pwdx (PWDX) [N/y/?] n
smemcap (SMEMCAP) [N/y/?] n
top (TOP) [N/y/?] n
uptime (UPTIME) [N/y/?] n
free (FREE) [N/y/?] n
fuser (FUSER) [N/y/?] n
kill (KILL) [Y/n/?] y
  killall (KILLALL) [Y/n/?] y
  killall5 (KILLALL5) [N/y] n
pgrep (PGREP) [N/y/?] n
pidof (PIDOF) [N/y/?] n
pkill (PKILL) [N/y/?] n
ps (PS) [N/y/?] n
renice (RENICE) [N/y/?] n
sysctl (BB_SYSCTL) [N/y/?] n
watch (WATCH) [N/y/?] n
*
* Runit Utilities
*
runsv (RUNSV) [N/y/?] n
runsvdir (RUNSVDIR) [N/y/?] n
sv (SV) [N/y/?] n
svlogd (SVLOGD) [N/y/?] n
chpst (CHPST) [N/y/?] n
setuidgid (SETUIDGID) [N/y/?] n
envuidgid (ENVUIDGID) [N/y/?] n
envdir (ENVDIR) [N/y/?] n
softlimit (SOFTLIMIT) [N/y/?] n
*
* Shells
*
ash (ASH) [Y/n/?] y
  bash-compatible extensions (ASH_BASH_COMPAT) [N/y/?] n
  Idle timeout variable (ASH_IDLE_TIMEOUT) [N/y/?] n
  Job control (ASH_JOB_CONTROL) [N/y/?] n
  Alias support (ASH_ALIAS) [N/y/?] n
  Builtin getopt to parse positional parameters (ASH_GETOPTS) [Y/n/?] y
  Builtin version of 'echo' (ASH_BUILTIN_ECHO) [Y/n/?] y
  Builtin version of 'printf' (ASH_BUILTIN_PRINTF) [Y/n/?] y
  Builtin version of 'test' (ASH_BUILTIN_TEST) [Y/n/?] y
  help builtin (ASH_HELP) [N/y/?] n
  'command' command to override shell builtins (ASH_CMDCMD) [N/y/?] n
  Check for new mail on interactive shells (ASH_MAIL) [N/y/?] n
  Optimize for size instead of speed (ASH_OPTIMIZE_FOR_SIZE) [Y/n/?] y
  Pseudorandom generator and $RANDOM variable (ASH_RANDOM_SUPPORT) [N/y/?] n
  Expand prompt string (ASH_EXPAND_PRMT) [N/y/?] n
cttyhack (CTTYHACK) [N/y/?] n
hush (HUSH) [N/y/?] n
msh (deprecated: aliased to hush) (MSH) [N/y/?] n
Choose which shell is aliased to 'sh' name
> 1. ash (FEATURE_SH_IS_ASH)
  2. none (FEATURE_SH_IS_NONE)
choice[1-2?]: 1
Choose which shell is aliased to 'bash' name
  1. ash (FEATURE_BASH_IS_ASH)
> 2. none (FEATURE_BASH_IS_NONE)
choice[1-2?]: 2
POSIX math support (SH_MATH_SUPPORT) [N/y/?] n
Hide message on interactive shell startup (FEATURE_SH_EXTRA_QUIET) [Y/n/?] y
Use $HISTFILESIZE (FEATURE_SH_HISTFILESIZE) [N/y/?] n
*
* System Logging Utilities
*
syslogd (SYSLOGD) [N/y/?] n
klogd (KLOGD) [N/y/?] n
logger (LOGGER) [N/y/?] n
yes: standard output: Broken pipe
/bin/sed -i -e "/\\<CONFIG_NOMMU\\>/d" /nerves/config/nerves_system_bbb/_build/dev/nerves/system/build/busybox-1.24.1/.config
echo '# CONFIG_NOMMU is not set' >> /nerves/config/nerves_system_bbb/_build/dev/nerves/system/build/busybox-1.24.1/.config
/bin/sed -i -e "/\\<CONFIG_LFS\\>/d" /nerves/config/nerves_system_bbb/_build/dev/nerves/system/build/busybox-1.24.1/.config
echo 'CONFIG_LFS=y' >> /nerves/config/nerves_system_bbb/_build/dev/nerves/system/build/busybox-1.24.1/.config
/bin/sed -i -e "/\\<CONFIG_FDISK_SUPPORT_LARGE_DISKS\\>/d" /nerves/config/nerves_system_bbb/_build/dev/nerves/system/build/busybox-1.24.1/.config
echo 'CONFIG_FDISK_SUPPORT_LARGE_DISKS=y' >> /nerves/config/nerves_system_bbb/_build/dev/nerves/system/build/busybox-1.24.1/.config
/bin/sed -i -e "/\\<CONFIG_FEATURE_IPV6\\>/d" /nerves/config/nerves_system_bbb/_build/dev/nerves/system/build/busybox-1.24.1/.config
echo 'CONFIG_FEATURE_IPV6=y' >> /nerves/config/nerves_system_bbb/_build/dev/nerves/system/build/busybox-1.24.1/.config
/bin/sed -i -e "/\\<CONFIG_FEATURE_IFUPDOWN_IPV6\\>/d" /nerves/config/nerves_system_bbb/_build/dev/nerves/system/build/busybox-1.24.1/.config
echo 'CONFIG_FEATURE_IFUPDOWN_IPV6=y' >> /nerves/config/nerves_system_bbb/_build/dev/nerves/system/build/busybox-1.24.1/.config
scripts/kconfig/conf -o Config.in
#
# using defaults found in .config
#
*
* Busybox Configuration
*
*
* Busybox Settings
*
*
* General Configuration
*
Enable options for full-blown desktop systems (DESKTOP) [N/y/?] n
Provide compatible behavior for rare corner cases (bigger code) (EXTRA_COMPAT) [N/y/?] n
Enable obsolete features removed before SUSv3 (INCLUDE_SUSv2) [Y/n/?] y
Avoid using GCC-specific code constructs (USE_PORTABLE_CODE) [N/y/?] n
Enable Linux-specific applets and features (PLATFORM_LINUX) [Y/?] y
Buffer allocation policy
> 1. Allocate with Malloc (FEATURE_BUFFERS_USE_MALLOC)
  2. Allocate on the Stack (FEATURE_BUFFERS_GO_ON_STACK)
  3. Allocate in the .bss section (FEATURE_BUFFERS_GO_IN_BSS)
choice[1-3?]: 1
Show applet usage messages (SHOW_USAGE) [Y/n/?] y
  Show verbose applet usage messages (FEATURE_VERBOSE_USAGE) [Y/n/?] y
  Store applet usage messages in compressed form (FEATURE_COMPRESS_USAGE) [N/y/?] n
Support --install [-s] to install applet links at runtime (FEATURE_INSTALLER) [Y/n/?] y
Don't use /usr (INSTALL_NO_USR) [N/y/?] n
Enable locale support (system needs locale for this to work) (LOCALE_SUPPORT) [N/y/?] n
Support Unicode (UNICODE_SUPPORT) [N/y/?] n
Support for PAM (Pluggable Authentication Modules) (PAM) [N/y/?] n
Use sendfile system call (FEATURE_USE_SENDFILE) [Y/n/?] y
Support for --long-options (LONG_OPTS) [Y/n/?] y
Use the devpts filesystem for Unix98 PTYs (FEATURE_DEVPTS) [Y/n/?] y
Clean up all memory before exiting (usually not needed) (FEATURE_CLEAN_UP) [N/y/?] n
Support utmp file (FEATURE_UTMP) [N/y/?] n
Support writing pidfiles (FEATURE_PIDFILE) [N/y/?] n
Support for SUID/SGID handling (FEATURE_SUID) [Y/n/?] y
  Runtime SUID/SGID configuration via /etc/busybox.conf (FEATURE_SUID_CONFIG) [N/y/?] n
Support NSA Security Enhanced Linux (SELINUX) [N/y/?] n
exec prefers applets (FEATURE_PREFER_APPLETS) [N/y/?] n
Path to BusyBox executable (BUSYBOX_EXEC_PATH) [/proc/self/exe] /proc/self/exe
*
* Build Options
*
Build BusyBox as a static binary (no shared libs) (STATIC) [N/y/?] n
  Build BusyBox as a position independent executable (PIE) [N/y/?] n
Force NOMMU build (NOMMU) [N/y/?] n
Build shared libbusybox (BUILD_LIBBUSYBOX) [N/y/?] n
Build with Large File Support (for accessing files > 2 GB) (LFS) [Y/n/?] y
Cross Compiler prefix (CROSS_COMPILER_PREFIX) [] 
Path to sysroot (SYSROOT) [] 
Additional CFLAGS (EXTRA_CFLAGS) [] 
Additional LDFLAGS (EXTRA_LDFLAGS) [] 
Additional LDLIBS (EXTRA_LDLIBS) [] 
*
* Debugging Options
*
Build BusyBox with extra Debugging symbols (DEBUG) [N/y/?] n
Build unit tests (UNIT_TEST) [N/y/?] n
Abort compilation on any warning (WERROR) [N/y/?] n
Additional debugging library
> 1. None (NO_DEBUG_LIB)
  2. Dmalloc (DMALLOC)
  3. Electric-fence (EFENCE)
choice[1-3?]: 1
*
* Installation Options ("make install" behavior)
*
What kind of applet links to install
> 1. as soft-links (INSTALL_APPLET_SYMLINKS)
  2. as hard-links (INSTALL_APPLET_HARDLINKS)
  3. as script wrappers (INSTALL_APPLET_SCRIPT_WRAPPERS)
  4. not installed (INSTALL_APPLET_DONT)
choice[1-4?]: 1
BusyBox installation prefix (PREFIX) [./_install] ./_install
*
* Busybox Library Tuning
*
Enable systemd support (FEATURE_SYSTEMD) [N/y/?] n
Support RTMIN[+n] and RTMAX[-n] signal names (FEATURE_RTMINMAX) [Y/n/?] y
Minimum password length (PASSWORD_MINLEN) [6] 6
MD5: Trade bytes for speed (0:fast, 3:slow) (MD5_SMALL) [1] 1
SHA3: Trade bytes for speed (0:fast, 1:slow) (SHA3_SMALL) [1] 1
Faster /proc scanning code (+100 bytes) (FEATURE_FAST_TOP) [N/y/?] n
Support for /etc/networks (FEATURE_ETC_NETWORKS) [N/y/?] n
Command line editing (FEATURE_EDITING) [N/y/?] n
Non-POSIX, but safer, copying to special nodes (FEATURE_NON_POSIX_CP) [Y/n/?] y
Give more precise messages when copy fails (cp, mv etc) (FEATURE_VERBOSE_CP_MESSAGE) [N/y/?] n
Copy buffer size, in kilobytes (FEATURE_COPYBUF_KB) [4] 4
Skip rootfs in mount table (FEATURE_SKIP_ROOTFS) [Y/n/?] y
Use clock_gettime(CLOCK_MONOTONIC) syscall (MONOTONIC_SYSCALL) [Y/n/?] y
Use ioctl names rather than hex values in error messages (IOCTL_HEX2STR_ERROR) [Y/n/?] y
Support infiniband HW (FEATURE_HWIB) [N/y/?] n
*
* Applets
*
*
* Archival Utilities
*
Make tar, rpm, modprobe etc understand .xz data (FEATURE_SEAMLESS_XZ) [N/y/?] n
Make tar, rpm, modprobe etc understand .lzma data (FEATURE_SEAMLESS_LZMA) [N/y/?] n
Make tar, rpm, modprobe etc understand .bz2 data (FEATURE_SEAMLESS_BZ2) [N/y/?] n
Make tar, rpm, modprobe etc understand .gz data (FEATURE_SEAMLESS_GZ) [N/y/?] n
tar, rpm, modprobe etc understand .Z data (FEATURE_SEAMLESS_Z) [N/y/?] n
ar (AR) [N/y/?] n
uncompress (UNCOMPRESS) [N/y/?] n
gunzip (GUNZIP) [N/y/?] n
bunzip2 (BUNZIP2) [N/y/?] n
unlzma (UNLZMA) [N/y/?] n
unxz (UNXZ) [N/y/?] n
bzip2 (BZIP2) [N/y/?] n
cpio (CPIO) [N/y/?] n
dpkg (DPKG) [N/y/?] n
dpkg_deb (DPKG_DEB) [N/y/?] n
gzip (GZIP) [N/y/?] n
lzop (LZOP) [N/y/?] n
rpm (RPM) [N/y/?] n
rpm2cpio (RPM2CPIO) [N/y/?] n
tar (TAR) [N/y/?] n
unzip (UNZIP) [Y/n/?] y
*
* Coreutils
*
basename (BASENAME) [Y/n/?] y
cat (CAT) [Y/n/?] y
date (DATE) [Y/n/?] y
  Enable ISO date format output (-I) (FEATURE_DATE_ISOFMT) [Y/n/?] y
  Support %[num]N nanosecond format specifier (FEATURE_DATE_NANO) [N/y/?] n
  Support weird 'date MMDDhhmm[[YY]YY][.ss]' format (FEATURE_DATE_COMPAT) [Y/n/?] y
dd (DD) [N/y/?] n
hostid (HOSTID) [N/y/?] n
id (ID) [N/y/?] n
groups (GROUPS) [N/y/?] n
shuf (SHUF) [N/y/?] n
sync (SYNC) [N/y/?] n
test (TEST) [N/y/?] n
  Extend test to 64 bit (FEATURE_TEST_64) [Y/n/?] y
touch (TOUCH) [N/y/?] n
tr (TR) [N/y/?] n
truncate (TRUNCATE) [N/y/?] n
unlink (UNLINK) [N/y/?] n
base64 (BASE64) [N/y/?] n
cal (CAL) [N/y/?] n
catv (CATV) [N/y/?] n
chgrp (CHGRP) [N/y/?] n
chmod (CHMOD) [N/y/?] n
chown (CHOWN) [N/y/?] n
chroot (CHROOT) [N/y/?] n
cksum (CKSUM) [N/y/?] n
comm (COMM) [N/y/?] n
cp (CP) [Y/n/?] y
  Enable long options for cp (FEATURE_CP_LONG_OPTIONS) [N/y/?] n
cut (CUT) [Y/n/?] y
df (DF) [N/y/?] n
dirname (DIRNAME) [N/y/?] n
dos2unix/unix2dos (DOS2UNIX) [N/y/?] n
du (default blocksize of 512 bytes) (DU) [N/y/?] n
echo (basic SuSv3 version taking no options) (ECHO) [N/y/?] n
  Enable echo options (-n and -e) (FEATURE_FANCY_ECHO) [N/y/?] n
env (ENV) [N/y/?] n
expand (EXPAND) [N/y/?] n
expr (EXPR) [Y/n/?] y
  Extend Posix numbers support to 64 bit (EXPR_MATH_SUPPORT_64) [Y/n/?] y
false (FALSE) [N/y/?] n
fold (FOLD) [N/y/?] n
fsync (FSYNC) [N/y/?] n
head (HEAD) [N/y/?] n
install (INSTALL) [N/y/?] n
ln (LN) [N/y/?] n
logname (LOGNAME) [N/y/?] n
ls (LS) [Y/n/?] y
  Enable filetyping options (-p and -F) (FEATURE_LS_FILETYPES) [N/y/?] n
  Enable symlinks dereferencing (-L) (FEATURE_LS_FOLLOWLINKS) [N/y/?] n
  Enable recursion (-R) (FEATURE_LS_RECURSIVE) [Y/n/?] y
  Sort the file names (FEATURE_LS_SORTFILES) [N/y/?] n
  Show file timestamps (FEATURE_LS_TIMESTAMPS) [Y/n/?] y
  Show username/groupnames (FEATURE_LS_USERNAME) [Y/n/?] y
  Allow use of color to identify file types (FEATURE_LS_COLOR) [N/y/?] n
md5sum (MD5SUM) [N/y/?] n
mkdir (MKDIR) [N/y/?] n
mkfifo (MKFIFO) [N/y/?] n
mknod (MKNOD) [N/y/?] n
mv (MV) [N/y/?] n
nice (NICE) [N/y/?] n
nohup (NOHUP) [N/y/?] n
od (OD) [N/y/?] n
printenv (PRINTENV) [N/y/?] n
printf (PRINTF) [N/y/?] n
pwd (PWD) [N/y/?] n
readlink (READLINK) [N/y/?] n
realpath (REALPATH) [N/y/?] n
rm (RM) [Y/n/?] y
rmdir (RMDIR) [N/y/?] n
seq (SEQ) [N/y/?] n
sha1sum (SHA1SUM) [N/y/?] n
sha256sum (SHA256SUM) [Y/n/?] y
sha512sum (SHA512SUM) [N/y/?] n
sha3sum (SHA3SUM) [N/y/?] n
sleep (SLEEP) [Y/n/?] y
  Enable multiple arguments and s/m/h/d suffixes (FEATURE_FANCY_SLEEP) [N/y/?] n
sort (SORT) [N/y/?] n
split (SPLIT) [N/y/?] n
stat (STAT) [N/y/?] n
stty (STTY) [N/y/?] n
sum (SUM) [N/y/?] n
tac (TAC) [N/y/?] n
tail (TAIL) [N/y/?] n
tee (TEE) [N/y/?] n
true (TRUE) [N/y/?] n
tty (TTY) [N/y/?] n
uname (UNAME) [N/y/?] n
unexpand (UNEXPAND) [N/y/?] n
uniq (UNIQ) [N/y/?] n
usleep (USLEEP) [N/y/?] n
uudecode (UUDECODE) [N/y/?] n
uuencode (UUENCODE) [N/y/?] n
wc (WC) [N/y/?] n
whoami (WHOAMI) [N/y/?] n
yes (YES) [N/y/?] n
*
* Common options
*
Support verbose options (usually -v) for various applets (FEATURE_VERBOSE) [Y/n/?] y
*
* Common options for cp and mv
*
Preserve hard links (FEATURE_PRESERVE_HARDLINKS) [Y/n/?] y
*
* Common options for ls, more and telnet
*
Calculate terminal & column widths (FEATURE_AUTOWIDTH) [Y/n/?] y
*
* Common options for df, du, ls
*
Support for human readable output (example 13k, 23M, 235G) (FEATURE_HUMAN_READABLE) [Y/n/?] y
*
* Common options for md5sum, sha1sum, sha256sum, sha512sum, sha3sum
*
Enable -c, -s and -w options (FEATURE_MD5_SHA1_SUM_CHECK) [Y/n/?] y
*
* Console Utilities
*
chvt (CHVT) [N/y/?] n
fgconsole (FGCONSOLE) [N/y/?] n
clear (CLEAR) [N/y/?] n
deallocvt (DEALLOCVT) [N/y/?] n
dumpkmap (DUMPKMAP) [N/y/?] n
kbd_mode (KBD_MODE) [N/y/?] n
loadfont (LOADFONT) [N/y/?] n
loadkmap (LOADKMAP) [N/y/?] n
openvt (OPENVT) [N/y/?] n
reset (RESET) [N/y/?] n
resize (RESIZE) [N/y/?] n
setconsole (SETCONSOLE) [N/y/?] n
setfont (SETFONT) [N/y/?] n
setkeycodes (SETKEYCODES) [N/y/?] n
setlogcons (SETLOGCONS) [N/y/?] n
showkey (SHOWKEY) [N/y/?] n
*
* Debian Utilities
*
mktemp (MKTEMP) [N/y/?] n
pipe_progress (PIPE_PROGRESS) [N/y/?] n
run-parts (RUN_PARTS) [N/y/?] n
start-stop-daemon (START_STOP_DAEMON) [N/y/?] n
which (WHICH) [N/y/?] n
*
* Editors
*
awk (AWK) [N/y/?] n
cmp (CMP) [N/y/?] n
diff (DIFF) [N/y/?] n
ed (ED) [N/y/?] n
patch (PATCH) [N/y/?] n
sed (SED) [N/y/?] n
vi (VI) [N/y/?] n
*
* Finding Utilities
*
find (FIND) [N/y/?] n
grep (GREP) [Y/n/?] y
  Enable extended regular expressions (egrep & grep -E) (FEATURE_GREP_EGREP_ALIAS) [Y/n/?] y
  Alias fgrep to grep -F (FEATURE_GREP_FGREP_ALIAS) [Y/n/?] y
  Enable before and after context flags (-A, -B and -C) (FEATURE_GREP_CONTEXT) [Y/n/?] y
xargs (XARGS) [N/y/?] n
*
* Init Utilities
*
bootchartd (BOOTCHARTD) [N/y/?] n
poweroff, halt, and reboot (HALT) [Y/n/?] y
  Call telinit on shutdown and reboot (FEATURE_CALL_TELINIT) [N/y/?] n
init (INIT) [N/y/?] n
mesg (MESG) [N/y/?] n
*
* Login/Password Management Utilities
*
add-shell (ADD_SHELL) [N/y/?] n
remove-shell (REMOVE_SHELL) [N/y/?] n
Support for shadow passwords (FEATURE_SHADOWPASSWDS) [N/y/?] n
Use internal password and group functions rather than system functions (USE_BB_PWD_GRP) [N/y/?] n
Use internal crypt functions (USE_BB_CRYPT) [N/y/?] n
adduser (ADDUSER) [N/y/?] n
addgroup (ADDGROUP) [N/y/?] n
deluser (DELUSER) [N/y/?] n
delgroup (DELGROUP) [N/y/?] n
getty (GETTY) [N/y/?] n
login (LOGIN) [N/y/?] n
passwd (PASSWD) [N/y/?] n
cryptpw (CRYPTPW) [N/y/?] n
chpasswd (CHPASSWD) [N/y/?] n
su (SU) [N/y/?] n
sulogin (SULOGIN) [N/y/?] n
vlock (VLOCK) [N/y/?] n
*
* Linux Ext2 FS Progs
*
chattr (CHATTR) [N/y/?] n
fsck (FSCK) [N/y/?] n
lsattr (LSATTR) [N/y/?] n
tune2fs (TUNE2FS) [N/y/?] n
*
* Linux Module Utilities
*
modinfo (MODINFO) [N/y/?] n
Simplified modutils (MODPROBE_SMALL) [N/y/?] n
  insmod (INSMOD) [N/y/?] n
  rmmod (RMMOD) [Y/n/?] y
  lsmod (LSMOD) [Y/n/?] y
    Pretty output (FEATURE_LSMOD_PRETTY_2_6_OUTPUT) [N/y/?] n
  modprobe (MODPROBE) [Y/n/?] y
    Blacklist support (FEATURE_MODPROBE_BLACKLIST) [N/y/?] n
  depmod (DEPMOD) [N/y/?] n
*
* Options common to multiple modutils
*
Support version 2.2/2.4 Linux kernels (FEATURE_2_4_MODULES) [N/y/?] n
Support tainted module checking with new kernels (FEATURE_CHECK_TAINTED_MODULE) [Y/n/?] y
Support for module.aliases file (FEATURE_MODUTILS_ALIAS) [Y/n/?] y
Support for module.symbols file (FEATURE_MODUTILS_SYMBOLS) [Y/n/?] y
Default directory containing modules (DEFAULT_MODULES_DIR) [/lib/modules] /lib/modules
Default name of modules.dep (DEFAULT_DEPMOD_FILE) [modules.dep] modules.dep
*
* Linux System Utilities
*
blockdev (BLOCKDEV) [N/y/?] n
fatattr (FATATTR) [Y/n/?] y
fstrim (FSTRIM) [N/y/?] n
mdev (MDEV) [N/y/?] n
mount (MOUNT) [Y/n/?] y
  Support option -f (FEATURE_MOUNT_FAKE) [N/y/?] n
  Support option -v (FEATURE_MOUNT_VERBOSE) [N/y/?] n
  Support mount helpers (FEATURE_MOUNT_HELPERS) [N/y/?] n
  Support specifying devices by label or UUID (FEATURE_MOUNT_LABEL) [N/y/?] n
  Support mounting NFS file systems on Linux < 2.6.23 (FEATURE_MOUNT_NFS) [N/y/?] n
  Support mounting CIFS/SMB file systems (FEATURE_MOUNT_CIFS) [N/y/?] n
  Support lots of -o flags in mount (FEATURE_MOUNT_FLAGS) [Y/n/?] y
  Support /etc/fstab and -a (FEATURE_MOUNT_FSTAB) [Y/n/?] y
    Support -T <alt_fstab> (FEATURE_MOUNT_OTHERTAB) [N/y/?] n
rev (REV) [N/y/?] n
uevent (UEVENT) [Y/n/?] y
acpid (ACPID) [N/y/?] n
blkid (BLKID) [N/y/?] n
dmesg (DMESG) [Y/n/?] y
  Pretty dmesg output (FEATURE_DMESG_PRETTY) [Y/n/?] y
fbset (FBSET) [N/y/?] n
fdflush (FDFLUSH) [N/y/?] n
fdformat (FDFORMAT) [N/y/?] n
fdisk (FDISK) [N/y/?] n
findfs (FINDFS) [N/y/?] n
flock (FLOCK) [N/y/?] n
freeramdisk (FREERAMDISK) [N/y/?] n
fsck_minix (FSCK_MINIX) [N/y/?] n
mkfs_ext2 (MKFS_EXT2) [N/y/?] n
mkfs_minix (MKFS_MINIX) [N/y/?] n
mkfs_reiser (MKFS_REISER) [N/y/?] n
mkfs_vfat (MKFS_VFAT) [N/y/?] n
getopt (GETOPT) [N/y/?] n
hexdump (HEXDUMP) [N/y/?] n
hwclock (HWCLOCK) [N/y/?] n
ipcrm (IPCRM) [N/y/?] n
ipcs (IPCS) [N/y/?] n
losetup (LOSETUP) [N/y/?] n
lspci (LSPCI) [N/y/?] n
lsusb (LSUSB) [N/y/?] n
mkswap (MKSWAP) [N/y/?] n
more (MORE) [N/y/?] n
pivot_root (PIVOT_ROOT) [N/y/?] n
rdate (RDATE) [N/y/?] n
rdev (RDEV) [N/y/?] n
readprofile (READPROFILE) [N/y/?] n
rtcwake (RTCWAKE) [N/y/?] n
script (SCRIPT) [N/y/?] n
scriptreplay (SCRIPTREPLAY) [N/y/?] n
setarch (SETARCH) [N/y/?] n
swaponoff (SWAPONOFF) [N/y/?] n
switch_root (SWITCH_ROOT) [N/y/?] n
umount (UMOUNT) [Y/n/?] y
  Support option -a (FEATURE_UMOUNT_ALL) [Y/n/?] y
  *
  * Common options for mount/umount
  *
  Support loopback mounts (FEATURE_MOUNT_LOOP) [Y/n/?] y
    Create new loopback devices if needed (FEATURE_MOUNT_LOOP_CREATE) [Y/n/?] y
  Support for the old /etc/mtab file (FEATURE_MTAB_SUPPORT) [N/y/?] n
*
* Miscellaneous Utilities
*
conspy (CONSPY) [N/y/?] n
crond (CROND) [N/y/?] n
i2cget (I2CGET) [Y/n/?] y
i2cset (I2CSET) [Y/n/?] y
i2cdump (I2CDUMP) [Y/n/?] y
i2cdetect (I2CDETECT) [Y/n/?] y
less (LESS) [N/y/?] n
nandwrite (NANDWRITE) [N/y/?] n
nanddump (NANDDUMP) [N/y/?] n
rfkill (RFKILL) [N/y/?] n
setserial (SETSERIAL) [N/y/?] n
taskset (TASKSET) [N/y/?] n
ubiattach (UBIATTACH) [N/y/?] n
ubidetach (UBIDETACH) [N/y/?] n
ubimkvol (UBIMKVOL) [N/y/?] n
ubirmvol (UBIRMVOL) [N/y/?] n
ubirsvol (UBIRSVOL) [N/y/?] n
ubiupdatevol (UBIUPDATEVOL) [N/y/?] n
adjtimex (ADJTIMEX) [N/y/?] n
bbconfig (BBCONFIG) [N/y/?] n
beep (BEEP) [N/y/?] n
chat (CHAT) [N/y/?] n
chrt (CHRT) [N/y/?] n
crontab (CRONTAB) [N/y/?] n
dc (DC) [N/y/?] n
devfsd (obsolete) (DEVFSD) [N/y/?] n
Use devfs names for all devices (obsolete) (FEATURE_DEVFS) [N/y/?] n
devmem (DEVMEM) [N/y/?] n
eject (EJECT) [N/y/?] n
fbsplash (FBSPLASH) [N/y/?] n
flashcp (FLASHCP) [N/y/?] n
flash_lock (FLASH_LOCK) [N/y/?] n
flash_unlock (FLASH_UNLOCK) [N/y/?] n
flash_eraseall (FLASH_ERASEALL) [N/y/?] n
ionice (IONICE) [N/y/?] n
inotifyd (INOTIFYD) [N/y/?] n
hdparm (HDPARM) [N/y/?] n
makedevs (MAKEDEVS) [N/y/?] n
man (MAN) [N/y/?] n
microcom (MICROCOM) [N/y/?] n
mountpoint (MOUNTPOINT) [N/y/?] n
mt (MT) [N/y/?] n
raidautorun (RAIDAUTORUN) [N/y/?] n
readahead (READAHEAD) [N/y/?] n
rx (RX) [N/y/?] n
setsid (SETSID) [N/y/?] n
strings (STRINGS) [N/y/?] n
time (TIME) [N/y/?] n
timeout (TIMEOUT) [N/y/?] n
ttysize (TTYSIZE) [N/y/?] n
volname (VOLNAME) [N/y/?] n
watchdog (WATCHDOG) [N/y/?] n
*
* Networking Utilities
*
nameif (NAMEIF) [N/y/?] n
nbd-client (NBDCLIENT) [N/y/?] n
nc (NC) [N/y/?] n
ping (PING) [N/y/?] n
wget (WGET) [N/y/?] n
whois (WHOIS) [N/y/?] n
Enable IPv6 support (FEATURE_IPV6) [Y/n/?] y
Enable Unix domain socket support (usually not needed) (FEATURE_UNIX_LOCAL) [N/y/?] n
Prefer IPv4 addresses from DNS queries (FEATURE_PREFER_IPV4_ADDRESS) [N/y/?] n
Verbose resolution errors (VERBOSE_RESOLUTION_ERRORS) [N/y/?] n
arp (ARP) [N/y/?] n
arping (ARPING) [N/y/?] n
brctl (BRCTL) [N/y/?] n
dnsd (DNSD) [N/y/?] n
ether-wake (ETHER_WAKE) [N/y/?] n
fakeidentd (FAKEIDENTD) [N/y/?] n
ftpd (FTPD) [N/y/?] n
ftpget (FTPGET) [N/y/?] n
ftpput (FTPPUT) [N/y/?] n
hostname (HOSTNAME) [N/y/?] n
httpd (HTTPD) [N/y/?] n
ifconfig (IFCONFIG) [N/y/?] n
ifenslave (IFENSLAVE) [N/y/?] n
ifplugd (IFPLUGD) [N/y/?] n
ifupdown (IFUPDOWN) [N/y/?] n
inetd (INETD) [N/y/?] n
ip (IP) [Y/n/?] y
  ip address (FEATURE_IP_ADDRESS) [Y/n/?] y
  ip link (FEATURE_IP_LINK) [Y/n/?] y
  ip route (FEATURE_IP_ROUTE) [Y/n/?] y
    ip route configuration directory (FEATURE_IP_ROUTE_DIR) [/etc/iproute2] /etc/iproute2
  ip tunnel (FEATURE_IP_TUNNEL) [Y/n/?] y
  ip rule (FEATURE_IP_RULE) [Y/n/?] y
  Support short forms of ip commands (FEATURE_IP_SHORT_FORMS) [Y/n/?] y
  Support displaying rarely used link types (FEATURE_IP_RARE_PROTOCOLS) [N/y/?] n
ipcalc (IPCALC) [N/y/?] n
netstat (NETSTAT) [N/y/?] n
nslookup (NSLOOKUP) [N/y/?] n
ntpd (NTPD) [Y/n/?] y
  Make ntpd usable as a NTP server (FEATURE_NTPD_SERVER) [N/y/?] n
  Make ntpd understand /etc/ntp.conf (FEATURE_NTPD_CONF) [Y/n/?] y
pscan (PSCAN) [N/y/?] n
route (ROUTE) [N/y/?] n
slattach (SLATTACH) [N/y/?] n
tcpsvd (TCPSVD) [N/y/?] n
telnet (TELNET) [N/y/?] n
telnetd (TELNETD) [N/y/?] n
tftp (TFTP) [N/y/?] n
tftpd (TFTPD) [N/y/?] n
traceroute (TRACEROUTE) [N/y/?] n
tunctl (TUNCTL) [N/y/?] n
udhcp client for DHCPv6 (udhcpc6) (UDHCPC6) [N/y/?] n
udhcp server (udhcpd) (UDHCPD) [N/y/?] n
udhcp client (udhcpc) (UDHCPC) [Y/n/?] y
  Verify that the offered address is free, using ARP ping (FEATURE_UDHCPC_ARPING) [Y/n/?] y
  Do not pass malformed host and domain names (FEATURE_UDHCPC_SANITIZEOPT) [Y/n/?] y
  Enable '-P port' option for udhcpd and udhcpc (FEATURE_UDHCP_PORT) [N/y/?] n
  Maximum verbosity level for udhcp applets (0..9) (UDHCP_DEBUG) [9] 9
  Support for RFC3397 domain search (experimental) (FEATURE_UDHCP_RFC3397) [Y/n/?] y
  Support for 802.1Q VLAN parameters (FEATURE_UDHCP_8021Q) [Y/n/?] y
  Absolute path to config script (UDHCPC_DEFAULT_SCRIPT) [/usr/share/udhcpc/default.script] /usr/share/udhcpc/default.script
  DHCP options slack buffer size (UDHCPC_SLACK_FOR_BUGGY_SERVERS) [80] 80
udpsvd (UDPSVD) [N/y/?] n
vconfig (VCONFIG) [N/y/?] n
zcip (ZCIP) [N/y/?] n
*
* Print Utilities
*
lpd (LPD) [N/y/?] n
lpr (LPR) [N/y/?] n
lpq (LPQ) [N/y/?] n
*
* Mail Utilities
*
makemime (MAKEMIME) [N/y/?] n
popmaildir (POPMAILDIR) [N/y/?] n
reformime (REFORMIME) [N/y/?] n
sendmail (SENDMAIL) [N/y/?] n
*
* Process Utilities
*
iostat (IOSTAT) [N/y/?] n
lsof (LSOF) [N/y/?] n
mpstat (MPSTAT) [N/y/?] n
nmeter (NMETER) [N/y/?] n
pmap (PMAP) [N/y/?] n
powertop (POWERTOP) [N/y/?] n
pstree (PSTREE) [N/y/?] n
pwdx (PWDX) [N/y/?] n
smemcap (SMEMCAP) [N/y/?] n
top (TOP) [N/y/?] n
uptime (UPTIME) [N/y/?] n
free (FREE) [N/y/?] n
fuser (FUSER) [N/y/?] n
kill (KILL) [Y/n/?] y
  killall (KILLALL) [Y/n/?] y
  killall5 (KILLALL5) [N/y] n
pgrep (PGREP) [N/y/?] n
pidof (PIDOF) [N/y/?] n
pkill (PKILL) [N/y/?] n
ps (PS) [N/y/?] n
renice (RENICE) [N/y/?] n
sysctl (BB_SYSCTL) [N/y/?] n
watch (WATCH) [N/y/?] n
*
* Runit Utilities
*
runsv (RUNSV) [N/y/?] n
runsvdir (RUNSVDIR) [N/y/?] n
sv (SV) [N/y/?] n
svlogd (SVLOGD) [N/y/?] n
chpst (CHPST) [N/y/?] n
setuidgid (SETUIDGID) [N/y/?] n
envuidgid (ENVUIDGID) [N/y/?] n
envdir (ENVDIR) [N/y/?] n
softlimit (SOFTLIMIT) [N/y/?] n
*
* Shells
*
ash (ASH) [Y/n/?] y
  bash-compatible extensions (ASH_BASH_COMPAT) [N/y/?] n
  Idle timeout variable (ASH_IDLE_TIMEOUT) [N/y/?] n
  Job control (ASH_JOB_CONTROL) [N/y/?] n
  Alias support (ASH_ALIAS) [N/y/?] n
  Builtin getopt to parse positional parameters (ASH_GETOPTS) [Y/n/?] y
  Builtin version of 'echo' (ASH_BUILTIN_ECHO) [Y/n/?] y
  Builtin version of 'printf' (ASH_BUILTIN_PRINTF) [Y/n/?] y
  Builtin version of 'test' (ASH_BUILTIN_TEST) [Y/n/?] y
  help builtin (ASH_HELP) [N/y/?] n
  'command' command to override shell builtins (ASH_CMDCMD) [N/y/?] n
  Check for new mail on interactive shells (ASH_MAIL) [N/y/?] n
  Optimize for size instead of speed (ASH_OPTIMIZE_FOR_SIZE) [Y/n/?] y
  Pseudorandom generator and $RANDOM variable (ASH_RANDOM_SUPPORT) [N/y/?] n
  Expand prompt string (ASH_EXPAND_PRMT) [N/y/?] n
cttyhack (CTTYHACK) [N/y/?] n
hush (HUSH) [N/y/?] n
msh (deprecated: aliased to hush) (MSH) [N/y/?] n
Choose which shell is aliased to 'sh' name
> 1. ash (FEATURE_SH_IS_ASH)
  2. none (FEATURE_SH_IS_NONE)
choice[1-2?]: 1
Choose which shell is aliased to 'bash' name
  1. ash (FEATURE_BASH_IS_ASH)
> 2. none (FEATURE_BASH_IS_NONE)
choice[1-2?]: 2
POSIX math support (SH_MATH_SUPPORT) [N/y/?] n
Hide message on interactive shell startup (FEATURE_SH_EXTRA_QUIET) [Y/n/?] y
Use $HISTFILESIZE (FEATURE_SH_HISTFILESIZE) [N/y/?] n
*
* System Logging Utilities
*
syslogd (SYSLOGD) [N/y/?] n
klogd (KLOGD) [N/y/?] n
logger (LOGGER) [N/y/?] n
yes: standard output: Broken pipe
[7m>>> busybox 1.24.1 Configuring[27m
/bin/sed -i -e 's/^noclobber="0"$/noclobber="1"/' /nerves/config/nerves_system_bbb/_build/dev/nerves/system/build/busybox-1.24.1/applets/install.sh
[7m>>> busybox 1.24.1 Building[27m
PATH="/nerves/config/nerves_system_bbb/_build/dev/nerves/system/host/bin:/nerves/config/nerves_system_bbb/_build/dev/nerves/system/host/sbin:/nerves/config/nerves_system_bbb/_build/dev/nerves/system/host/usr/bin:/nerves/config/nerves_system_bbb/_build/dev/nerves/system/host/usr/sbin:/usr/lib/erlang/erts-8.0/bin:/usr/lib/erlang/bin:/usr/local/sbin:/usr/local/bin:/usr/sbin:/usr/bin:/sbin:/bin" CFLAGS="-D_LARGEFILE_SOURCE -D_LARGEFILE64_SOURCE -D_FILE_OFFSET_BITS=64  -Os " CFLAGS_busybox="" /usr/bin/make -j5 CC="/nerves/config/nerves_system_bbb/_build/dev/nerves/system/host/usr/bin/arm-unknown-linux-gnueabihf-gcc" ARCH=arm PREFIX="/nerves/config/nerves_system_bbb/_build/dev/nerves/system/target" EXTRA_LDFLAGS="" CROSS_COMPILE="/nerves/config/nerves_system_bbb/_build/dev/nerves/system/host/usr/bin/arm-unknown-linux-gnueabihf-" CONFIG_PREFIX="/nerves/config/nerves_system_bbb/_build/dev/nerves/system/target" SKIP_STRIP=y -C /nerves/config/nerves_system_bbb/_build/dev/nerves/system/build/busybox-1.24.1
  SPLIT   include/autoconf.h -> include/config/*
  HOSTCC  applets/usage
  HOSTCC  applets/applet_tables
applets/applet_tables.c: In function ‘main’:
applets/applet_tables.c:161:4: warning: ignoring return value of ‘fgets’, declared with attribute warn_unused_result [-Wunused-result]
    fgets(line_old, sizeof(line_old), fp);
    ^
applets/usage.c: In function ‘main’:
applets/usage.c:52:3: warning: ignoring return value of ‘write’, declared with attribute warn_unused_result [-Wunused-result]
   write(STDOUT_FILENO, usage_array[i].usage, strlen(usage_array[i].usage) + 1);
   ^
  GEN     include/applet_tables.h
  HOSTCC  applets/usage_pod
  GEN     include/usage_compressed.h
applets/usage_pod.c: In function ‘main’:
applets/usage_pod.c:74:3: warning: format not a string literal and no format arguments [-Wformat-security]
   printf(usage_array[i].aname);
   ^
  CC      applets/applets.o
  GEN     include/bbconfigopts.h
  LD      applets/built-in.o
  DOC     busybox.pod
  DOC     BusyBox.txt
  DOC     busybox.1
  DOC     BusyBox.html
  LD      archival/built-in.o
  CC      archival/unzip.o
  LD      archival/libarchive/built-in.o
  LD      console-tools/built-in.o
  CC      archival/libarchive/data_align.o
  AR      console-tools/lib.a
  LD      coreutils/built-in.o
  CC      coreutils/basename.o
  LD      coreutils/libcoreutils/built-in.o
  CC      coreutils/libcoreutils/cp_mv_stat.o
  HOSTCC  applets/usage
applets/usage.c: In function ‘main’:
applets/usage.c:52:3: warning: ignoring return value of ‘write’, declared with attribute warn_unused_result [-Wunused-result]
   write(STDOUT_FILENO, usage_array[i].usage, strlen(usage_array[i].usage) + 1);
   ^
  HOSTCC  applets/applet_tables
applets/applet_tables.c: In function ‘main’:
applets/applet_tables.c:161:4: warning: ignoring return value of ‘fgets’, declared with attribute warn_unused_result [-Wunused-result]
    fgets(line_old, sizeof(line_old), fp);
    ^
  GEN     include/usage_compressed.h
  GEN     include/applet_tables.h
  CC      applets/applets.o
  CC      archival/libarchive/data_extract_all.o
  CC      coreutils/cat.o
  AR      archival/lib.a
  CC      archival/libarchive/data_extract_to_stdout.o
  AR      coreutils/libcoreutils/lib.a
  CC      coreutils/cp.o
  HOSTCC  applets/usage_pod
applets/usage_pod.c: In function ‘main’:
applets/usage_pod.c:74:3: warning: format not a string literal and no format arguments [-Wformat-security]
   printf(usage_array[i].aname);
   ^
  LD      applets/built-in.o
  CC      archival/libarchive/data_skip.o
  CC      archival/libarchive/decompress_gunzip.o
  LD      debianutils/built-in.o
  AR      debianutils/lib.a
  CC      coreutils/cut.o
  CC      coreutils/date.o
  CC      coreutils/echo.o
  LD      e2fsprogs/built-in.o
  AR      e2fsprogs/lib.a
  CC      archival/libarchive/filter_accept_all.o
  LD      editors/built-in.o
  AR      editors/lib.a
  CC      coreutils/expr.o
  LD      findutils/built-in.o
  CC      findutils/grep.o
  CC      archival/libarchive/filter_accept_list.o
  CC      coreutils/ls.o
  CC      archival/libarchive/filter_accept_reject_list.o
  AR      findutils/lib.a
  LD      init/built-in.o
  CC      coreutils/md5_sha1_sum.o
  CC      init/halt.o
  LD      libbb/built-in.o
  CC      libbb/appletlib.o
